# JRE version: OpenJDK Runtime Environment (8.0_202-b03) (build 1.8.0_202-release-1483-b03)
# Java VM: OpenJDK 64-Bit Server VM (25.202-b03 mixed mode windows-amd64 compressed oops)
Heap:
 PSYoungGen      total 452096K, used 163932K [0x00000000e0000000, 0x00000000ff780000, 0x0000000100000000)
  eden space 387072K, 38% used [0x00000000e0000000,0x00000000e90b4480,0x00000000f7a00000)
  from space 65024K, 24% used [0x00000000fb700000,0x00000000fc662f30,0x00000000ff680000)
  to   space 62464K, 0% used [0x00000000f7a00000,0x00000000f7a00000,0x00000000fb700000)
 ParOldGen       total 317440K, used 121192K [0x00000000a0000000, 0x00000000b3600000, 0x00000000e0000000)
  object space 317440K, 38% used [0x00000000a0000000,0x00000000a765a300,0x00000000b3600000)
 Metaspace       used 127182K, capacity 136309K, committed 136664K, reserved 1169408K
  class space    used 15754K, capacity 17290K, committed 17408K, reserved 1048576K
GC Heap History (10 events):
Event: 12954.567 GC heap before
{Heap before GC invocations=37 (full 5):
 PSYoungGen      total 373760K, used 373504K [0x00000000e0000000, 0x00000000ff800000, 0x0000000100000000)
  eden space 361472K, 100% used [0x00000000e0000000,0x00000000f6100000,0x00000000f6100000)
  from space 12288K, 97% used [0x00000000f6100000,0x00000000f6cc0070,0x00000000f6d00000)
  to   space 77312K, 0% used [0x00000000fac80000,0x00000000fac80000,0x00000000ff800000)
 ParOldGen       total 317440K, used 121152K [0x00000000a0000000, 0x00000000b3600000, 0x00000000e0000000)
  object space 317440K, 38% used [0x00000000a0000000,0x00000000a7650300,0x00000000b3600000)
 Metaspace       used 124726K, capacity 132159K, committed 132568K, reserved 1165312K
  class space    used 15436K, capacity 16775K, committed 17152K, reserved 1048576K
Event: 12954.577 GC heap after
Heap after GC invocations=37 (full 5):
 PSYoungGen      total 440832K, used 12752K [0x00000000e0000000, 0x0000000100000000, 0x0000000100000000)
  eden space 363520K, 0% used [0x00000000e0000000,0x00000000e0000000,0x00000000f6300000)
  from space 77312K, 16% used [0x00000000fac80000,0x00000000fb8f4080,0x00000000ff800000)
  to   space 75264K, 0% used [0x00000000f6300000,0x00000000f6300000,0x00000000fac80000)
 ParOldGen       total 317440K, used 121160K [0x00000000a0000000, 0x00000000b3600000, 0x00000000e0000000)
  object space 317440K, 38% used [0x00000000a0000000,0x00000000a7652300,0x00000000b3600000)
 Metaspace       used 124726K, capacity 132159K, committed 132568K, reserved 1165312K
  class space    used 15436K, capacity 16775K, committed 17152K, reserved 1048576K
}
Event: 12956.149 GC heap before
{Heap before GC invocations=38 (full 5):
 PSYoungGen      total 440832K, used 376272K [0x00000000e0000000, 0x0000000100000000, 0x0000000100000000)
  eden space 363520K, 100% used [0x00000000e0000000,0x00000000f6300000,0x00000000f6300000)
  from space 77312K, 16% used [0x00000000fac80000,0x00000000fb8f4080,0x00000000ff800000)
  to   space 75264K, 0% used [0x00000000f6300000,0x00000000f6300000,0x00000000fac80000)
 ParOldGen       total 317440K, used 121160K [0x00000000a0000000, 0x00000000b3600000, 0x00000000e0000000)
  object space 317440K, 38% used [0x00000000a0000000,0x00000000a7652300,0x00000000b3600000)
 Metaspace       used 125130K, capacity 132837K, committed 133336K, reserved 1165312K
  class space    used 15480K, capacity 16856K, committed 17152K, reserved 1048576K
Event: 12956.163 GC heap after
Heap after GC invocations=38 (full 5):
 PSYoungGen      total 438784K, used 16415K [0x00000000e0000000, 0x00000000ff700000, 0x0000000100000000)
  eden space 363520K, 0% used [0x00000000e0000000,0x00000000e0000000,0x00000000f6300000)
  from space 75264K, 21% used [0x00000000f6300000,0x00000000f7307c88,0x00000000fac80000)
  to   space 71680K, 0% used [0x00000000fb100000,0x00000000fb100000,0x00000000ff700000)
 ParOldGen       total 317440K, used 121168K [0x00000000a0000000, 0x00000000b3600000, 0x00000000e0000000)
  object space 317440K, 38% used [0x00000000a0000000,0x00000000a7654300,0x00000000b3600000)
 Metaspace       used 125130K, capacity 132837K, committed 133336K, reserved 1165312K
  class space    used 15480K, capacity 16856K, committed 17152K, reserved 1048576K
}
Event: 18583.476 GC heap before
{Heap before GC invocations=39 (full 5):
 PSYoungGen      total 438784K, used 379935K [0x00000000e0000000, 0x00000000ff700000, 0x0000000100000000)
  eden space 363520K, 100% used [0x00000000e0000000,0x00000000f6300000,0x00000000f6300000)
  from space 75264K, 21% used [0x00000000f6300000,0x00000000f7307c88,0x00000000fac80000)
  to   space 71680K, 0% used [0x00000000fb100000,0x00000000fb100000,0x00000000ff700000)
 ParOldGen       total 317440K, used 121168K [0x00000000a0000000, 0x00000000b3600000, 0x00000000e0000000)
  object space 317440K, 38% used [0x00000000a0000000,0x00000000a7654300,0x00000000b3600000)
 Metaspace       used 126540K, capacity 135185K, committed 135640K, reserved 1167360K
  class space    used 15678K, capacity 17151K, committed 17408K, reserved 1048576K
Event: 18583.581 GC heap after
Heap after GC invocations=39 (full 5):
 PSYoungGen      total 445952K, used 16523K [0x00000000e0000000, 0x00000000ff680000, 0x0000000100000000)
  eden space 374784K, 0% used [0x00000000e0000000,0x00000000e0000000,0x00000000f6e00000)
  from space 71168K, 23% used [0x00000000fb100000,0x00000000fc122dd8,0x00000000ff680000)
  to   space 68608K, 0% used [0x00000000f6e00000,0x00000000f6e00000,0x00000000fb100000)
 ParOldGen       total 317440K, used 121176K [0x00000000a0000000, 0x00000000b3600000, 0x00000000e0000000)
  object space 317440K, 38% used [0x00000000a0000000,0x00000000a7656300,0x00000000b3600000)
 Metaspace       used 126540K, capacity 135185K, committed 135640K, reserved 1167360K
  class space    used 15678K, capacity 17151K, committed 17408K, reserved 1048576K
}
Event: 20600.798 GC heap before
{Heap before GC invocations=40 (full 5):
 PSYoungGen      total 445952K, used 391307K [0x00000000e0000000, 0x00000000ff680000, 0x0000000100000000)
  eden space 374784K, 100% used [0x00000000e0000000,0x00000000f6e00000,0x00000000f6e00000)
  from space 71168K, 23% used [0x00000000fb100000,0x00000000fc122dd8,0x00000000ff680000)
  to   space 68608K, 0% used [0x00000000f6e00000,0x00000000f6e00000,0x00000000fb100000)
 ParOldGen       total 317440K, used 121176K [0x00000000a0000000, 0x00000000b3600000, 0x00000000e0000000)
  object space 317440K, 38% used [0x00000000a0000000,0x00000000a7656300,0x00000000b3600000)
 Metaspace       used 127077K, capacity 136157K, committed 136408K, reserved 1169408K
  class space    used 15752K, capacity 17286K, committed 17408K, reserved 1048576K
Event: 20600.934 GC heap after
Heap after GC invocations=40 (full 5):
 PSYoungGen      total 443392K, used 19499K [0x00000000e0000000, 0x00000000ff680000, 0x0000000100000000)
  eden space 374784K, 0% used [0x00000000e0000000,0x00000000e0000000,0x00000000f6e00000)
  from space 68608K, 28% used [0x00000000f6e00000,0x00000000f810adf0,0x00000000fb100000)
  to   space 65024K, 0% used [0x00000000fb700000,0x00000000fb700000,0x00000000ff680000)
 ParOldGen       total 317440K, used 121184K [0x00000000a0000000, 0x00000000b3600000, 0x00000000e0000000)
  object space 317440K, 38% used [0x00000000a0000000,0x00000000a7658300,0x00000000b3600000)
 Metaspace       used 127077K, capacity 136157K, committed 136408K, reserved 1169408K
  class space    used 15752K, capacity 17286K, committed 17408K, reserved 1048576K
}
Event: 20604.436 GC heap before
{Heap before GC invocations=41 (full 5):
 PSYoungGen      total 443392K, used 394283K [0x00000000e0000000, 0x00000000ff680000, 0x0000000100000000)
  eden space 374784K, 100% used [0x00000000e0000000,0x00000000f6e00000,0x00000000f6e00000)
  from space 68608K, 28% used [0x00000000f6e00000,0x00000000f810adf0,0x00000000fb100000)
  to   space 65024K, 0% used [0x00000000fb700000,0x00000000fb700000,0x00000000ff680000)
 ParOldGen       total 317440K, used 121184K [0x00000000a0000000, 0x00000000b3600000, 0x00000000e0000000)
  object space 317440K, 38% used [0x00000000a0000000,0x00000000a7658300,0x00000000b3600000)
 Metaspace       used 127155K, capacity 136239K, committed 136408K, reserved 1169408K
  class space    used 15754K, capacity 17289K, committed 17408K, reserved 1048576K
Event: 20604.489 GC heap after
Heap after GC invocations=41 (full 5):
 PSYoungGen      total 452096K, used 15755K [0x00000000e0000000, 0x00000000ff780000, 0x0000000100000000)
  eden space 387072K, 0% used [0x00000000e0000000,0x00000000e0000000,0x00000000f7a00000)
  from space 65024K, 24% used [0x00000000fb700000,0x00000000fc662f30,0x00000000ff680000)
  to   space 62464K, 0% used [0x00000000f7a00000,0x00000000f7a00000,0x00000000fb700000)
 ParOldGen       total 317440K, used 121192K [0x00000000a0000000, 0x00000000b3600000, 0x00000000e0000000)
  object space 317440K, 38% used [0x00000000a0000000,0x00000000a765a300,0x00000000b3600000)
 Metaspace       used 127155K, capacity 136239K, committed 136408K, reserved 1169408K
  class space    used 15754K, capacity 17289K, committed 17408K, reserved 1048576K
}

